This is pdfTeX, Version 3.1415926-2.5-1.40.14 (TeX Live 2013/Debian) (format=pdflatex 2015.3.2)  11 MAR 2015 17:26
entering extended mode
 restricted \write18 enabled.
 %&-line parsing enabled.
**report.tex
(./report.tex
LaTeX2e <2011/06/27>
Babel <3.9h> and hyphenation patterns for 2 languages loaded.
(/usr/share/texlive/texmf-dist/tex/latex/base/article.cls
Document Class: article 2007/10/19 v1.4h Standard LaTeX document class
(/usr/share/texlive/texmf-dist/tex/latex/base/size11.clo
File: size11.clo 2007/10/19 v1.4h Standard LaTeX file (size option)
)
\c@part=\count79
\c@section=\count80
\c@subsection=\count81
\c@subsubsection=\count82
\c@paragraph=\count83
\c@subparagraph=\count84
\c@figure=\count85
\c@table=\count86
\abovecaptionskip=\skip41
\belowcaptionskip=\skip42
\bibindent=\dimen102
)
(/usr/share/texlive/texmf-dist/tex/latex/geometry/geometry.sty
Package: geometry 2010/09/12 v5.6 Page Geometry

(/usr/share/texlive/texmf-dist/tex/latex/graphics/keyval.sty
Package: keyval 1999/03/16 v1.13 key=value parser (DPC)
\KV@toks@=\toks14
)
(/usr/share/texlive/texmf-dist/tex/generic/oberdiek/ifpdf.sty
Package: ifpdf 2011/01/30 v2.3 Provides the ifpdf switch (HO)
Package ifpdf Info: pdfTeX in PDF mode is detected.
)
(/usr/share/texlive/texmf-dist/tex/generic/oberdiek/ifvtex.sty
Package: ifvtex 2010/03/01 v1.5 Detect VTeX and its facilities (HO)
Package ifvtex Info: VTeX not detected.
)
(/usr/share/texlive/texmf-dist/tex/generic/ifxetex/ifxetex.sty
Package: ifxetex 2010/09/12 v0.6 Provides ifxetex conditional
)
\Gm@cnth=\count87
\Gm@cntv=\count88
\c@Gm@tempcnt=\count89
\Gm@bindingoffset=\dimen103
\Gm@wd@mp=\dimen104
\Gm@odd@mp=\dimen105
\Gm@even@mp=\dimen106
\Gm@layoutwidth=\dimen107
\Gm@layoutheight=\dimen108
\Gm@layouthoffset=\dimen109
\Gm@layoutvoffset=\dimen110
\Gm@dimlist=\toks15
)
(/usr/share/texlive/texmf-dist/tex/latex/booktabs/booktabs.sty
Package: booktabs 2005/04/14 v1.61803 publication quality tables
\heavyrulewidth=\dimen111
\lightrulewidth=\dimen112
\cmidrulewidth=\dimen113
\belowrulesep=\dimen114
\belowbottomsep=\dimen115
\aboverulesep=\dimen116
\abovetopsep=\dimen117
\cmidrulesep=\dimen118
\cmidrulekern=\dimen119
\defaultaddspace=\dimen120
\@cmidla=\count90
\@cmidlb=\count91
\@aboverulesep=\dimen121
\@belowrulesep=\dimen122
\@thisruleclass=\count92
\@lastruleclass=\count93
\@thisrulewidth=\dimen123
)
(/usr/share/texlive/texmf-dist/tex/latex/graphics/graphicx.sty
Package: graphicx 1999/02/16 v1.0f Enhanced LaTeX Graphics (DPC,SPQR)

(/usr/share/texlive/texmf-dist/tex/latex/graphics/graphics.sty
Package: graphics 2009/02/05 v1.0o Standard LaTeX Graphics (DPC,SPQR)

(/usr/share/texlive/texmf-dist/tex/latex/graphics/trig.sty
Package: trig 1999/03/16 v1.09 sin cos tan (DPC)
)
(/etc/texmf/tex/latex/config/graphics.cfg
File: graphics.cfg 2009/08/28 v1.8 graphics configuration of TeX Live
)
Package graphics Info: Driver file: pdftex.def on input line 91.

(/usr/share/texlive/texmf-dist/tex/latex/pdftex-def/pdftex.def
File: pdftex.def 2011/05/27 v0.06d Graphics/color for pdfTeX

(/usr/share/texlive/texmf-dist/tex/generic/oberdiek/infwarerr.sty
Package: infwarerr 2010/04/08 v1.3 Providing info/warning/error messages (HO)
)
(/usr/share/texlive/texmf-dist/tex/generic/oberdiek/ltxcmds.sty
Package: ltxcmds 2011/11/09 v1.22 LaTeX kernel commands for general use (HO)
)
\Gread@gobject=\count94
))
\Gin@req@height=\dimen124
\Gin@req@width=\dimen125
)
(/usr/share/texlive/texmf-dist/tex/latex/listings/listings.sty
\lst@mode=\count95
\lst@gtempboxa=\box26
\lst@token=\toks16
\lst@length=\count96
\lst@currlwidth=\dimen126
\lst@column=\count97
\lst@pos=\count98
\lst@lostspace=\dimen127
\lst@width=\dimen128
\lst@newlines=\count99
\lst@lineno=\count100
\lst@maxwidth=\dimen129

(/usr/share/texlive/texmf-dist/tex/latex/listings/lstmisc.sty
File: lstmisc.sty 2013/08/26 1.5b (Carsten Heinz)
\c@lstnumber=\count101
\lst@skipnumbers=\count102
\lst@framebox=\box27
)
(/usr/share/texlive/texmf-dist/tex/latex/listings/listings.cfg
File: listings.cfg 2013/08/26 1.5b listings configuration
))
Package: listings 2013/08/26 1.5b (Carsten Heinz)
 (./report.aux)
\openout1 = `report.aux'.

LaTeX Font Info:    Checking defaults for OML/cmm/m/it on input line 12.
LaTeX Font Info:    ... okay on input line 12.
LaTeX Font Info:    Checking defaults for T1/cmr/m/n on input line 12.
LaTeX Font Info:    ... okay on input line 12.
LaTeX Font Info:    Checking defaults for OT1/cmr/m/n on input line 12.
LaTeX Font Info:    ... okay on input line 12.
LaTeX Font Info:    Checking defaults for OMS/cmsy/m/n on input line 12.
LaTeX Font Info:    ... okay on input line 12.
LaTeX Font Info:    Checking defaults for OMX/cmex/m/n on input line 12.
LaTeX Font Info:    ... okay on input line 12.
LaTeX Font Info:    Checking defaults for U/cmr/m/n on input line 12.
LaTeX Font Info:    ... okay on input line 12.
*geometry* driver: auto-detecting
*geometry* detected driver: pdftex
*geometry* verbose mode - [ preamble ] result:
* driver: pdftex
* paper: letterpaper
* layout: <same size as paper>
* layoutoffset:(h,v)=(0.0pt,0.0pt)
* modes: 
* h-part:(L,W,R)=(54.2025pt, 505.89pt, 54.2025pt)
* v-part:(T,H,B)=(54.2025pt, 686.56499pt, 54.2025pt)
* \paperwidth=614.295pt
* \paperheight=794.96999pt
* \textwidth=505.89pt
* \textheight=686.56499pt
* \oddsidemargin=-18.06749pt
* \evensidemargin=-18.06749pt
* \topmargin=-55.06749pt
* \headheight=12.0pt
* \headsep=25.0pt
* \topskip=11.0pt
* \footskip=30.0pt
* \marginparwidth=59.0pt
* \marginparsep=10.0pt
* \columnsep=10.0pt
* \skip\footins=10.0pt plus 4.0pt minus 2.0pt
* \hoffset=0.0pt
* \voffset=0.0pt
* \mag=1000
* \@twocolumnfalse
* \@twosidefalse
* \@mparswitchfalse
* \@reversemarginfalse
* (1in=72.27pt=25.4mm, 1cm=28.453pt)

(/usr/share/texlive/texmf-dist/tex/context/base/supp-pdf.mkii
[Loading MPS to PDF converter (version 2006.09.02).]
\scratchcounter=\count103
\scratchdimen=\dimen130
\scratchbox=\box28
\nofMPsegments=\count104
\nofMParguments=\count105
\everyMPshowfont=\toks17
\MPscratchCnt=\count106
\MPscratchDim=\dimen131
\MPnumerator=\count107
\makeMPintoPDFobject=\count108
\everyMPtoPDFconversion=\toks18
)
\c@lstlisting=\count109
 (/usr/share/texlive/texmf-dist/tex/latex/listings/lstlang1.sty
File: lstlang1.sty 2013/08/26 1.5b listings language file
)
LaTeX Font Info:    External font `cmex10' loaded for size
(Font)              <12> on input line 34.
LaTeX Font Info:    External font `cmex10' loaded for size
(Font)              <8> on input line 34.
LaTeX Font Info:    External font `cmex10' loaded for size
(Font)              <6> on input line 34.
 [1

{/var/lib/texmf/fonts/map/pdftex/updmap/pdftex.map}]
<../graphs/one_flow_cwnd.png, id=10, 578.16pt x 433.62pt>
File: ../graphs/one_flow_cwnd.png Graphic file (type png)

<use ../graphs/one_flow_cwnd.png>
Package pdftex.def Info: ../graphs/one_flow_cwnd.png used on input line 59.
(pdftex.def)             Requested size: 284.52756pt x 213.39536pt.

<../graphs/one_flow_queue_size.png, id=12, 578.16pt x 433.62pt>
File: ../graphs/one_flow_queue_size.png Graphic file (type png)

<use ../graphs/one_flow_queue_size.png>
Package pdftex.def Info: ../graphs/one_flow_queue_size.png used on input line 6
3.
(pdftex.def)             Requested size: 284.52756pt x 213.39536pt.

<../graphs/one_flow_receiver_rate.png, id=13, 578.16pt x 433.62pt>
File: ../graphs/one_flow_receiver_rate.png Graphic file (type png)

<use ../graphs/one_flow_receiver_rate.png>
Package pdftex.def Info: ../graphs/one_flow_receiver_rate.png used on input lin
e 67.
(pdftex.def)             Requested size: 284.52756pt x 213.39536pt.
 [2 <../graphs/one_flow_cwnd.png> <../graphs/one_flow_queue_size.png>]
<../graphs/two_flow_cwnd.png, id=19, 578.16pt x 433.62pt>
File: ../graphs/two_flow_cwnd.png Graphic file (type png)

<use ../graphs/two_flow_cwnd.png>
Package pdftex.def Info: ../graphs/two_flow_cwnd.png used on input line 74.
(pdftex.def)             Requested size: 284.52756pt x 213.39536pt.

<../graphs/two_flow_queue_size.png, id=20, 578.16pt x 433.62pt>
File: ../graphs/two_flow_queue_size.png Graphic file (type png)

<use ../graphs/two_flow_queue_size.png>
Package pdftex.def Info: ../graphs/two_flow_queue_size.png used on input line 7
8.
(pdftex.def)             Requested size: 284.52756pt x 213.39536pt.
 [3 <../graphs/one_flow_receiver_rate.png> <../graphs/two_flow_cwnd.png>]
<../graphs/two_flow_receiver_rate.png, id=26, 578.16pt x 433.62pt>
File: ../graphs/two_flow_receiver_rate.png Graphic file (type png)

<use ../graphs/two_flow_receiver_rate.png>
Package pdftex.def Info: ../graphs/two_flow_receiver_rate.png used on input lin
e 82.
(pdftex.def)             Requested size: 284.52756pt x 213.39536pt.

<../graphs/five_flow_cwnd.png, id=27, 578.16pt x 433.62pt>
File: ../graphs/five_flow_cwnd.png Graphic file (type png)

<use ../graphs/five_flow_cwnd.png>
Package pdftex.def Info: ../graphs/five_flow_cwnd.png used on input line 89.
(pdftex.def)             Requested size: 284.52756pt x 213.39536pt.
 [4 <../graphs/two_flow_queue_size.png> <../graphs/two_flow_receiver_rate.png>]

<../graphs/five_flow_queue_size.png, id=33, 578.16pt x 433.62pt>
File: ../graphs/five_flow_queue_size.png Graphic file (type png)

<use ../graphs/five_flow_queue_size.png>
Package pdftex.def Info: ../graphs/five_flow_queue_size.png used on input line 
93.
(pdftex.def)             Requested size: 284.52756pt x 213.39536pt.

<../graphs/five_flow_receiver_rate.png, id=34, 578.16pt x 433.62pt>
File: ../graphs/five_flow_receiver_rate.png Graphic file (type png)

<use ../graphs/five_flow_receiver_rate.png>
Package pdftex.def Info: ../graphs/five_flow_receiver_rate.png used on input li
ne 97.
(pdftex.def)             Requested size: 284.52756pt x 213.39536pt.
 [5 <../graphs/five_flow_cwnd.png> <../graphs/five_flow_queue_size.png>]
LaTeX Font Info:    External font `cmex10' loaded for size
(Font)              <7> on input line 109.
LaTeX Font Info:    External font `cmex10' loaded for size
(Font)              <5> on input line 109.

<../graphs/aiad_cwnd.png, id=40, 578.16pt x 433.62pt>
File: ../graphs/aiad_cwnd.png Graphic file (type png)

<use ../graphs/aiad_cwnd.png>
Package pdftex.def Info: ../graphs/aiad_cwnd.png used on input line 114.
(pdftex.def)             Requested size: 284.52756pt x 213.39536pt.

<../graphs/aiad_queue_size.png, id=41, 578.16pt x 433.62pt> [6 <../graphs/five_
flow_receiver_rate.png> <../graphs/aiad_cwnd.png>]
File: ../graphs/aiad_queue_size.png Graphic file (type png)

<use ../graphs/aiad_queue_size.png>
Package pdftex.def Info: ../graphs/aiad_queue_size.png used on input line 118.
(pdftex.def)             Requested size: 284.52756pt x 213.39536pt.

<../graphs/aiad_receiver_rate.png, id=50, 578.16pt x 433.62pt>
File: ../graphs/aiad_receiver_rate.png Graphic file (type png)

<use ../graphs/aiad_receiver_rate.png>
Package pdftex.def Info: ../graphs/aiad_receiver_rate.png used on input line 12
2.
(pdftex.def)             Requested size: 284.52756pt x 213.39536pt.
 [7 <../graphs/aiad_queue_size.png> <../graphs/aiad_receiver_rate.png>]
LaTeX Font Info:    Try loading font information for OMS+cmr on input line 135.


(/usr/share/texlive/texmf-dist/tex/latex/base/omscmr.fd
File: omscmr.fd 1999/05/25 v2.5h Standard LaTeX font definitions
)
LaTeX Font Info:    Font shape `OMS/cmr/m/n' in size <10> not available
(Font)              Font shape `OMS/cmsy/m/n' tried instead on input line 135.

<../graphs/aimdconst_cwnd.png, id=57, 578.16pt x 433.62pt>
File: ../graphs/aimdconst_cwnd.png Graphic file (type png)

<use ../graphs/aimdconst_cwnd.png>
Package pdftex.def Info: ../graphs/aimdconst_cwnd.png used on input line 141.
(pdftex.def)             Requested size: 284.52756pt x 213.39536pt.

<../graphs/aimdconst_queue_size.png, id=58, 578.16pt x 433.62pt>
File: ../graphs/aimdconst_queue_size.png Graphic file (type png)

<use ../graphs/aimdconst_queue_size.png>
Package pdftex.def Info: ../graphs/aimdconst_queue_size.png used on input line 
143.
(pdftex.def)             Requested size: 284.52756pt x 213.39536pt.

<../graphs/aimdconst_receiver_rate.png, id=59, 578.16pt x 433.62pt>
File: ../graphs/aimdconst_receiver_rate.png Graphic file (type png)

<use ../graphs/aimdconst_receiver_rate.png>
Package pdftex.def Info: ../graphs/aimdconst_receiver_rate.png used on input li
ne 147.
(pdftex.def)             Requested size: 284.52756pt x 213.39536pt.
 [8 <../graphs/aimdconst_cwnd.png> <../graphs/aimdconst_queue_size.png>]
<../graphs/aimdcompt_cwnd.png, id=65, 578.16pt x 433.62pt>
File: ../graphs/aimdcompt_cwnd.png Graphic file (type png)

<use ../graphs/aimdcompt_cwnd.png>
Package pdftex.def Info: ../graphs/aimdcompt_cwnd.png used on input line 166.
(pdftex.def)             Requested size: 284.52756pt x 213.39536pt.

<../graphs/aimdcompt_receiver_rate.png, id=66, 578.16pt x 433.62pt> [9 <../grap
hs/aimdconst_receiver_rate.png> <../graphs/aimdcompt_cwnd.png>]
File: ../graphs/aimdcompt_receiver_rate.png Graphic file (type png)

<use ../graphs/aimdcompt_receiver_rate.png>
Package pdftex.def Info: ../graphs/aimdcompt_receiver_rate.png used on input li
ne 170.
(pdftex.def)             Requested size: 284.52756pt x 213.39536pt.

<../graphs/compete_receiver_rate.png, id=72, 578.16pt x 433.62pt>
File: ../graphs/compete_receiver_rate.png Graphic file (type png)

<use ../graphs/compete_receiver_rate.png>
Package pdftex.def Info: ../graphs/compete_receiver_rate.png used on input line
 199.
(pdftex.def)             Requested size: 284.52756pt x 213.39536pt.
 [10 <../graphs/aimdcompt_receiver_rate.png>] [11 <../graphs/compete_receiver_r
ate.png>] (./report.aux) ) 
Here is how much of TeX's memory you used:
 3174 strings out of 495032
 45776 string characters out of 6181719
 129762 words of memory out of 5000000
 6368 multiletter control sequences out of 15000+600000
 8363 words of font info for 30 fonts, out of 8000000 for 9000
 14 hyphenation exceptions out of 8191
 27i,6n,40p,539b,1187s stack positions out of 5000i,500n,10000p,200000b,80000s
</usr/share/texlive/texmf-dist/fonts/type1/public/ams
fonts/cm/cmbx10.pfb></usr/share/texlive/texmf-dist/fonts/type1/public/amsfonts/
cm/cmbx12.pfb></usr/share/texlive/texmf-dist/fonts/type1/public/amsfonts/cm/cmr
10.pfb></usr/share/texlive/texmf-dist/fonts/type1/public/amsfonts/cm/cmr12.pfb>
</usr/share/texlive/texmf-dist/fonts/type1/public/amsfonts/cm/cmr17.pfb></usr/s
hare/texlive/texmf-dist/fonts/type1/public/amsfonts/cm/cmr6.pfb></usr/share/tex
live/texmf-dist/fonts/type1/public/amsfonts/cm/cmsy10.pfb></usr/share/texlive/t
exmf-dist/fonts/type1/public/amsfonts/cm/cmtt10.pfb>
Output written on report.pdf (11 pages, 1090132 bytes).
PDF statistics:
 107 PDF objects out of 1000 (max. 8388607)
 0 named destinations out of 1000 (max. 500000)
 91 words of extra memory for PDF output out of 10000 (max. 10000000)

